proguard-project.txt
# To enable ProGuard in your project, edit project.properties
# to define the proguard.config property as described in that file.
#
# Add project specific ProGuard rules here.
# By default, the flags in this file are appended to flags specified
# in ${sdk.dir}/tools/proguard/proguard-android.txt
# You can edit the include path and order by changing the ProGuard
# include property in project.properties.
#
# For more details, see
#   http://developer.android.com/guide/developing/tools/proguard.html

# Add any project specific keep options here:

# If your project uses WebView with JS, uncomment the following
# and specify the fully qualified class name to the JavaScript interface
# class:
#-keepclassmembers class fqcn.of.javascript.interface.for.webview {
#   public *;
#}

#####################################
######### 主程序不能混淆的代码 #########
#####################################
######-dontwarn xxx.model.**
######-keep class xxx.model.** { *; }

#####################################
########### 不优化泛型和反射 ##########
#####################################
#-keepattributes Signature
#-keep class * extends java.lang.annotation.Annotation { *; }

#####################################
######### 不混淆第三方库或者jar包 #######
#####################################
-dontwarn cn.qqtheme.framework.**
-keep class cn.qqtheme.framework.** { *; }

#-dontwarn com.iflytek.speech.**
#-keep class com.iflytek.speech.** { *; }

#-dontwarn com.lidroid.xutils.**
#-keep class com.lidroid.xutils.** { *; }
#####################################