proguard/seeds.txt
com.wzb.hhu.R$anim: int enter_enter
com.wzb.hhu.R$anim: int enter_exit
com.wzb.hhu.R$anim: int exit_enter
com.wzb.hhu.R$anim: int exit_exit
com.wzb.hhu.R$anim: int large_progressbar_animator
com.wzb.hhu.R$anim: int pop_win_content_fade_in
com.wzb.hhu.R$anim: int pop_win_content_fade_out
com.wzb.hhu.R$anim: int reverse_down_anim
com.wzb.hhu.R$anim: int reverse_up_anim
com.wzb.hhu.R$anim: int rotating_anim
com.wzb.hhu.R$array: int elec
com.wzb.hhu.R$array: int elec_cmd
com.wzb.hhu.R$array: int event
com.wzb.hhu.R$array: int event_cmd
com.wzb.hhu.R$array: int img_text
com.wzb.hhu.R$array: int setting
com.wzb.hhu.R$array: int setting_cmd
com.wzb.hhu.R$array: int user_title
com.wzb.hhu.R$color: int background_gray
com.wzb.hhu.R$color: int black
com.wzb.hhu.R$color: int blue
com.wzb.hhu.R$color: int border_green
com.wzb.hhu.R$color: int btn_cancel_color
com.wzb.hhu.R$color: int btn_click_after
com.wzb.hhu.R$color: int btn_confirm_color
com.wzb.hhu.R$color: int btn_default
com.wzb.hhu.R$color: int commo_text_color
com.wzb.hhu.R$color: int dark_grey
com.wzb.hhu.R$color: int data_pulse
com.wzb.hhu.R$color: int data_title
com.wzb.hhu.R$color: int dialog_title
com.wzb.hhu.R$color: int divider
com.wzb.hhu.R$color: int font_color_default
com.wzb.hhu.R$color: int font_color_gray
com.wzb.hhu.R$color: int font_color_green_default
com.wzb.hhu.R$color: int gray
com.wzb.hhu.R$color: int griditems_bg
com.wzb.hhu.R$color: int light_blue
com.wzb.hhu.R$color: int line
com.wzb.hhu.R$color: int line_default
com.wzb.hhu.R$color: int line_grey
com.wzb.hhu.R$color: int login_hite
com.wzb.hhu.R$color: int login_logo_name
com.wzb.hhu.R$color: int new_item_title
com.wzb.hhu.R$color: int red
com.wzb.hhu.R$color: int register_bg
com.wzb.hhu.R$color: int shallow_blue
com.wzb.hhu.R$color: int title_background
com.wzb.hhu.R$color: int transparent
com.wzb.hhu.R$color: int white
com.wzb.hhu.R$dimen: int activity_horizontal_margin
com.wzb.hhu.R$dimen: int activity_vertical_margin
com.wzb.hhu.R$dimen: int datatab_radio_padding
com.wzb.hhu.R$dimen: int dp_105
com.wzb.hhu.R$dimen: int dp_110
com.wzb.hhu.R$dimen: int dp_12
com.wzb.hhu.R$dimen: int dp_15
com.wzb.hhu.R$dimen: int dp_16
com.wzb.hhu.R$dimen: int dp_18
com.wzb.hhu.R$dimen: int dp_180
com.wzb.hhu.R$dimen: int dp_2
com.wzb.hhu.R$dimen: int dp_20
com.wzb.hhu.R$dimen: int dp_3
com.wzb.hhu.R$dimen: int dp_30
com.wzb.hhu.R$dimen: int dp_44
com.wzb.hhu.R$dimen: int dp_50
com.wzb.hhu.R$dimen: int dp_70
com.wzb.hhu.R$dimen: int dp_8
com.wzb.hhu.R$dimen: int dp_94
com.wzb.hhu.R$dimen: int font_size_big
com.wzb.hhu.R$dimen: int font_size_default
com.wzb.hhu.R$dimen: int font_size_mini
com.wzb.hhu.R$dimen: int font_size_small
com.wzb.hhu.R$dimen: int line_height
com.wzb.hhu.R$dimen: int listview_dividerHeight
com.wzb.hhu.R$dimen: int margin_default
com.wzb.hhu.R$dimen: int margin_default_for_horizontal
com.wzb.hhu.R$dimen: int margin_default_for_vertical
com.wzb.hhu.R$dimen: int paddin_wait_dialog
com.wzb.hhu.R$dimen: int padding_default
com.wzb.hhu.R$dimen: int padding_default_for_horizontal
com.wzb.hhu.R$dimen: int padding_default_for_vertical
com.wzb.hhu.R$dimen: int spacing_big
com.wzb.hhu.R$dimen: int spacing_big_more
com.wzb.hhu.R$dimen: int spacing_default
com.wzb.hhu.R$dimen: int spacing_middle
com.wzb.hhu.R$dimen: int spacing_mini
...
cn.qqtheme.framework.picker.LinkagePicker$OnStringPickListener
cn.qqtheme.framework.picker.LinkagePicker$OnStringPickListener: LinkagePicker$OnStringPickListener()
cn.qqtheme.framework.picker.LinkagePicker$OnStringPickListener: void onPicked(java.lang.String,java.lang.String,java.lang.String)
cn.qqtheme.framework.picker.LinkagePicker$OnStringPickListener: void onPicked(cn.qqtheme.framework.picker.LinkagePicker$StringLinkageFirst,cn.qqtheme.framework.picker.LinkagePicker$StringLinkageSecond,java.lang.String)
cn.qqtheme.framework.picker.LinkagePicker$OnStringPickListener: void onPicked(java.lang.Object,java.lang.Object,java.lang.Object)
cn.qqtheme.framework.picker.LinkagePicker$OnWheelLinkageListener
cn.qqtheme.framework.picker.LinkagePicker$OnWheelLinkageListener: void onLinkage(int,int,int)
cn.qqtheme.framework.picker.LinkagePicker$OnWheelListener
cn.qqtheme.framework.picker.LinkagePicker$OnWheelListener: LinkagePicker$OnWheelListener()
cn.qqtheme.framework.picker.LinkagePicker$OnWheelListener: void onFirstWheeled(int,java.lang.String)
cn.qqtheme.framework.picker.LinkagePicker$OnWheelListener: void onSecondWheeled(int,java.lang.String)
cn.qqtheme.framework.picker.LinkagePicker$OnWheelListener: void onThirdWheeled(int,java.lang.String)
cn.qqtheme.framework.picker.LinkagePicker$Provider
cn.qqtheme.framework.picker.LinkagePicker$Provider: boolean isOnlyTwo()
cn.qqtheme.framework.picker.LinkagePicker$Provider: java.util.List initFirstData()
cn.qqtheme.framework.picker.LinkagePicker$Provider: java.util.List linkageSecondData(int)
cn.qqtheme.framework.picker.LinkagePicker$Provider: java.util.List linkageThirdData(int,int)
cn.qqtheme.framework.picker.LinkagePicker$StringLinkageFirst
cn.qqtheme.framework.picker.LinkagePicker$StringLinkageFirst: java.lang.String name
cn.qqtheme.framework.picker.LinkagePicker$StringLinkageFirst: java.util.List seconds
cn.qqtheme.framework.picker.LinkagePicker$StringLinkageFirst: LinkagePicker$StringLinkageFirst(java.lang.String,java.util.List)
cn.qqtheme.framework.picker.LinkagePicker$StringLinkageFirst: java.lang.String getName()
cn.qqtheme.framework.picker.LinkagePicker$StringLinkageFirst: java.lang.Object getId()
cn.qqtheme.framework.picker.LinkagePicker$StringLinkageFirst: java.util.List getSeconds()
cn.qqtheme.framework.picker.LinkagePicker$StringLinkageFirst: LinkagePicker$StringLinkageFirst(java.lang.String,java.util.List,cn.qqtheme.framework.picker.LinkagePicker$1)
cn.qqtheme.framework.picker.LinkagePicker$StringLinkageSecond
cn.qqtheme.framework.picker.LinkagePicker$StringLinkageSecond: java.lang.String name
cn.qqtheme.framework.picker.LinkagePicker$StringLinkageSecond: java.util.List thirds
cn.qqtheme.framework.picker.LinkagePicker$StringLinkageSecond: LinkagePicker$StringLinkageSecond(java.lang.String,java.util.List)
cn.qqtheme.framework.picker.LinkagePicker$StringLinkageSecond: java.lang.String getName()
cn.qqtheme.framework.picker.LinkagePicker$StringLinkageSecond: java.lang.Object getId()
cn.qqtheme.framework.picker.LinkagePicker$StringLinkageSecond: java.util.List getThirds()
cn.qqtheme.framework.picker.LinkagePicker$StringLinkageSecond: LinkagePicker$StringLinkageSecond(java.lang.String,java.util.List,cn.qqtheme.framework.picker.LinkagePicker$1)