proguard/mapping.txt
com.wzb.hhu.activity.AmmeterListActivity -> com.wzb.hhu.activity.AmmeterListActivity:
    android.widget.ImageView backView -> f
    android.widget.ImageView btView -> g
    android.widget.ImageView titleMeterView -> h
    android.widget.TextView titleView -> i
    android.widget.ListView listView -> j
    int visibleLastIndex -> k
    int datasize -> l
    int curPosition -> m
    com.wzb.hhu.activity.AmmeterListActivity$AmmeterAdapter adapter -> n
    android.view.View loadMoreView -> o
    android.widget.Button loadMoreBtn -> p
    android.content.Context mContext -> q
    android.widget.ImageView searchBtn -> r
    android.widget.ImageView addBtn -> s
    android.widget.EditText searchEt -> t
    java.lang.String selectedSn -> u
    java.lang.String selectedPw -> v
    java.lang.String curActivity -> w
    android.view.View$OnClickListener okListener -> a
    android.view.View$OnClickListener cancleListener -> b
    android.os.Handler mHandler -> c
    java.lang.String password -> d
    void onCreate(android.os.Bundle) -> onCreate
    void gotoReadData(java.lang.String,java.lang.String) -> a
    void startReadData(java.lang.String) -> a
    void initTitleView() -> a
    void initAdapter() -> b
    void onResume() -> onResume
    void updateShowMeters() -> c
    void updateBtState() -> d
    void setBtListener() -> e
    void loadMoreData() -> f
    void onScroll(android.widget.AbsListView,int,int,int) -> onScroll
com.wzb.hhu.activity.AmmeterListActivity$1 -> com.wzb.hhu.activity.a:
    com.wzb.hhu.activity.AmmeterListActivity this$0 -> a
    void onClick(android.view.View) -> onClick
com.wzb.hhu.activity.AmmeterListActivity$10 -> com.wzb.hhu.activity.b:
    com.wzb.hhu.activity.AmmeterListActivity this$0 -> a
    void onClick(android.view.View) -> onClick
com.wzb.hhu.activity.AmmeterListActivity$11 -> com.wzb.hhu.activity.c:
    com.wzb.hhu.activity.AmmeterListActivity this$0 -> a
    void onDataReceived(byte[],java.lang.String) -> a
com.wzb.hhu.activity.AmmeterListActivity$12 -> com.wzb.hhu.activity.d:
    com.wzb.hhu.activity.AmmeterListActivity this$0 -> a
    void onDeviceConnected(java.lang.String,java.lang.String) -> a
    void onDeviceDisconnected() -> a
    void onDeviceConnectionFailed() -> b
com.wzb.hhu.activity.AmmeterListActivity$2 -> com.wzb.hhu.activity.e:
    com.wzb.hhu.activity.AmmeterListActivity this$0 -> a
    void onClick(android.view.View) -> onClick
com.wzb.hhu.activity.AmmeterListActivity$3 -> com.wzb.hhu.activity.f:
    com.wzb.hhu.activity.AmmeterListActivity this$0 -> a
    void handleMessage(android.os.Message) -> handleMessage
com.wzb.hhu.activity.AmmeterListActivity$4 -> com.wzb.hhu.activity.g:
    com.wzb.hhu.activity.AmmeterListActivity this$0 -> a
    void onClick(android.view.View) -> onClick
com.wzb.hhu.activity.AmmeterListActivity$5 -> com.wzb.hhu.activity.h:
    com.wzb.hhu.activity.AmmeterListActivity this$0 -> a
    void onClick(android.view.View) -> onClick
com.wzb.hhu.activity.AmmeterListActivity$6 -> com.wzb.hhu.activity.i:
    com.wzb.hhu.activity.AmmeterListActivity this$0 -> a
    void onClick(android.view.View) -> onClick
    com.wzb.hhu.activity.AmmeterListActivity access$0(com.wzb.hhu.activity.AmmeterListActivity$6) -> a
com.wzb.hhu.activity.AmmeterListActivity$6$1 -> com.wzb.hhu.activity.j:
    com.wzb.hhu.activity.AmmeterListActivity$6 this$1 -> a
    void run() -> run
com.wzb.hhu.activity.AmmeterListActivity$7 -> com.wzb.hhu.activity.k:
    com.wzb.hhu.activity.AmmeterListActivity this$0 -> a
    void onItemClick(android.widget.AdapterView,android.view.View,int,long) -> onItemClick
com.wzb.hhu.activity.AmmeterListActivity$8 -> com.wzb.hhu.activity.l:
    com.wzb.hhu.activity.AmmeterListActivity this$0 -> a
    boolean onItemLongClick(android.widget.AdapterView,android.view.View,int,long) -> onItemLongClick
...
cn.qqtheme.framework.entity.CarNumberProvince -> cn.qqtheme.framework.entity.CarNumberProvince:
    java.lang.String name -> name
    java.lang.Object getId() -> getId
    java.lang.String getName() -> getName
    java.util.List getSeconds() -> getSeconds
    java.lang.String toString() -> toString
cn.qqtheme.framework.entity.City -> cn.qqtheme.framework.entity.City:
    java.lang.String provinceId -> provinceId
    java.util.List counties -> counties
    java.lang.String getProvinceId() -> getProvinceId
    void setProvinceId(java.lang.String) -> setProvinceId
    java.util.List getCounties() -> getCounties
    void setCounties(java.util.List) -> setCounties
    java.util.List getThirds() -> getThirds
cn.qqtheme.framework.entity.County -> cn.qqtheme.framework.entity.County:
    java.lang.String cityId -> cityId
    java.lang.String getCityId() -> getCityId
    void setCityId(java.lang.String) -> setCityId
cn.qqtheme.framework.entity.FileItem -> cn.qqtheme.framework.entity.FileItem:
    android.graphics.drawable.Drawable icon -> icon
    java.lang.String name -> name
    java.lang.String path -> path
    long size -> size
    boolean isDirectory -> isDirectory
    void setIcon(android.graphics.drawable.Drawable) -> setIcon
    android.graphics.drawable.Drawable getIcon() -> getIcon
    java.lang.String getName() -> getName
    void setName(java.lang.String) -> setName
    java.lang.String getPath() -> getPath
    void setPath(java.lang.String) -> setPath
    long getSize() -> getSize
    void setSize(long) -> setSize
    boolean isDirectory() -> isDirectory
    void setDirectory(boolean) -> setDirectory
cn.qqtheme.framework.entity.JavaBean -> cn.qqtheme.framework.entity.JavaBean:
    long serialVersionUID -> serialVersionUID
    java.lang.String toString() -> toString
cn.qqtheme.framework.entity.LinkageFirst -> cn.qqtheme.framework.entity.LinkageFirst:
    java.util.List getSeconds() -> getSeconds
cn.qqtheme.framework.entity.LinkageItem -> cn.qqtheme.framework.entity.LinkageItem:
    java.lang.Object getId() -> getId
cn.qqtheme.framework.entity.LinkageSecond -> cn.qqtheme.framework.entity.LinkageSecond:
    java.util.List getThirds() -> getThirds
cn.qqtheme.framework.entity.LinkageThird -> cn.qqtheme.framework.entity.LinkageThird:
cn.qqtheme.framework.entity.Province -> cn.qqtheme.framework.entity.Province:
    java.util.List cities -> cities
    java.util.List getCities() -> getCities
    void setCities(java.util.List) -> setCities
    java.util.List getSeconds() -> getSeconds
cn.qqtheme.framework.entity.WheelItem -> cn.qqtheme.framework.entity.WheelItem:
    java.lang.String getName() -> getName
cn.qqtheme.framework.icons.ColorPickerIcon -> cn.qqtheme.framework.icons.ColorPickerIcon:
    byte[] CURSOR_BOTTOM -> CURSOR_BOTTOM
    byte[] CURSOR_TOP -> CURSOR_TOP
    byte[] getCursorBottom() -> getCursorBottom
    byte[] getCursorTop() -> getCursorTop
cn.qqtheme.framework.icons.FilePickerIcon -> cn.qqtheme.framework.icons.FilePickerIcon:
    byte[] FILE -> FILE
    byte[] FOLDER -> FOLDER
    byte[] HOME -> HOME
    byte[] UPDIR -> UPDIR
    byte[] ARROW -> ARROW
    byte[] getFILE() -> getFILE
    byte[] getFOLDER() -> getFOLDER
    byte[] getHOME() -> getHOME
    byte[] getUPDIR() -> getUPDIR
    byte[] getARROW() -> getARROW