proguard/usage.txt
com.wzb.hhu.BuildConfig
com.wzb.hhu.R
com.wzb.hhu.R$anim
com.wzb.hhu.R$array
com.wzb.hhu.R$attr
com.wzb.hhu.R$color
com.wzb.hhu.R$dimen
com.wzb.hhu.R$drawable
com.wzb.hhu.R$id
com.wzb.hhu.R$layout
com.wzb.hhu.R$mipmap
com.wzb.hhu.R$string
com.wzb.hhu.R$style
com.wzb.hhu.activity.AmmeterListActivity:
    public static final int UPDATE_BT_STATE
    private int visibleItemCount
    private android.widget.ImageView delBtn
com.wzb.hhu.activity.AmmeterListActivity$AmmeterAdapter:
    428:429:public void addAmmeterItem(com.wzb.hhu.bean.AmmeterBean)
com.wzb.hhu.activity.AmmeterListActivity2
com.wzb.hhu.activity.AmmeterListActivity2$1
com.wzb.hhu.activity.AmmeterListActivity2$2
com.wzb.hhu.activity.AmmeterListActivity2$3
com.wzb.hhu.activity.AmmeterListActivity2$3$1
com.wzb.hhu.activity.AmmeterListActivity2$4
com.wzb.hhu.activity.AmmeterListActivity2$5
com.wzb.hhu.activity.AmmeterListActivity2$6
com.wzb.hhu.activity.AmmeterListActivity2$7
com.wzb.hhu.activity.AmmeterListActivity2$8
com.wzb.hhu.activity.AmmeterListActivity2$9
com.wzb.hhu.activity.AmmeterListActivity2$AmmeterAdapter
com.wzb.hhu.activity.BaseActivity$StaticHandler
com.wzb.hhu.activity.EventLogActivity:
    public static final int UPDATE_BT_STATE
com.wzb.hhu.activity.LoginActivity
com.wzb.hhu.activity.LoginActivity$1
com.wzb.hhu.activity.LoginActivity$2
com.wzb.hhu.activity.LoginActivity$3
com.wzb.hhu.activity.LoginNewActivity:
    private int i
    64:65:void testdata()
com.wzb.hhu.activity.MeterSearchActivity:
    public static final int UPDATE_BT_STATE
    private static final int UPDATE_SEARCH_RESULT
com.wzb.hhu.activity.MeterSearchActivity$AmmeterAdapter:
    333:334:public void addAmmeterItem(com.wzb.hhu.bean.AmmeterBean)
    342:343:public void clearAlldata()
    346:347:public void updateList(java.util.List)
com.wzb.hhu.activity.ReadDataActivity:
    public static final int UPDATE_BT_STATE
com.wzb.hhu.activity.SettingActivity:
    public static final int UPDATE_BT_STATE
com.wzb.hhu.activity.SettingTimeActivity:
    public static final int UPDATE_BT_STATE
com.wzb.hhu.activity.UserAddActivity:
    private java.lang.String account
    private java.lang.String password
    private java.lang.String name
    private java.lang.String permission
com.wzb.hhu.activity.UserEditActivity:
    private java.lang.String account
    private java.lang.String password
    private java.lang.String name
    private java.lang.String permission
com.wzb.hhu.bean.AmmeterBean:
    18:23:public AmmeterBean(java.lang.String,java.lang.String,java.lang.String,java.lang.String)
com.wzb.hhu.bean.DataItemBean:
    21:26:public DataItemBean(java.lang.String,java.lang.String,java.lang.String,java.lang.Boolean)
com.wzb.hhu.bean.UserBean:
    13:17:public UserBean(java.lang.String,java.lang.String,java.lang.String)
    32:32:public java.lang.String getPassword()
com.wzb.hhu.btcore.BroadcastAction
com.wzb.hhu.btcore.BtManager:
    41:63:private void setBtListener()
com.wzb.hhu.btcore.BtManager$1
com.wzb.hhu.btcore.BtManager$2
com.wzb.hhu.btcore.IECCommand:
    private static final java.lang.String READ_CMD_HEAD
    private static final java.lang.String READ_CMD_END
    10:10:public IECCommand()
    21:21:public static void cmd2()
com.wzb.hhu.util.Common:
    12:12:public Common()
com.wzb.hhu.util.CustomDialog:
    19:19:public CustomDialog()
    86:88:public static void showWaitDialog(android.content.Context)
    110:114:public static void showWaitDialog(android.content.Context,int)
com.wzb.hhu.util.DatabaseHelper:
    private static final int VERSION
com.wzb.hhu.util.DbUtil:
    12:12:public DbUtil()
    105:118:public static java.util.ArrayList getAllMeter()
    142:144:public static void deleteMeter(java.lang.String)
    147:153:public static void updateMeter(java.lang.String,java.lang.String,java.lang.String,java.lang.String)
com.wzb.hhu.util.EncryptionUtil:
    12:12:public EncryptionUtil()
...
android.support.v4.app.DialogFragment
android.support.v4.app.Fragment
android.support.v4.app.Fragment$1
android.support.v4.app.Fragment$InstantiationException
android.support.v4.app.Fragment$SavedState
android.support.v4.app.Fragment$SavedState$1
android.support.v4.app.FragmentActivity
android.support.v4.app.FragmentActivity$1
android.support.v4.app.FragmentActivity$2
android.support.v4.app.FragmentActivity$FragmentTag
android.support.v4.app.FragmentActivity$NonConfigurationInstances
android.support.v4.app.FragmentContainer
android.support.v4.app.FragmentManager
android.support.v4.app.FragmentManager$BackStackEntry
android.support.v4.app.FragmentManager$OnBackStackChangedListener
android.support.v4.app.FragmentManagerImpl
android.support.v4.app.FragmentManagerImpl$1
android.support.v4.app.FragmentManagerImpl$2
android.support.v4.app.FragmentManagerImpl$3
android.support.v4.app.FragmentManagerImpl$4
android.support.v4.app.FragmentManagerImpl$5
android.support.v4.app.FragmentManagerState
android.support.v4.app.FragmentManagerState$1
android.support.v4.app.FragmentPagerAdapter
android.support.v4.app.FragmentState
android.support.v4.app.FragmentState$1
android.support.v4.app.FragmentStatePagerAdapter
android.support.v4.app.FragmentTabHost
android.support.v4.app.FragmentTabHost$1
android.support.v4.app.FragmentTabHost$DummyTabFactory
android.support.v4.app.FragmentTabHost$SavedState
android.support.v4.app.FragmentTabHost$SavedState$1
android.support.v4.app.FragmentTabHost$TabInfo
android.support.v4.app.FragmentTransaction
android.support.v4.app.ListFragment
android.support.v4.app.ListFragment$1
android.support.v4.app.ListFragment$2
android.support.v4.app.LoaderManager
android.support.v4.app.LoaderManager$LoaderCallbacks
android.support.v4.app.LoaderManagerImpl
android.support.v4.app.LoaderManagerImpl$LoaderInfo
android.support.v4.app.NavUtils
android.support.v4.app.NavUtils$NavUtilsImpl
android.support.v4.app.NavUtils$NavUtilsImplBase
android.support.v4.app.NavUtils$NavUtilsImplJB
android.support.v4.app.NavUtilsJB
android.support.v4.app.NoSaveStateFrameLayout
android.support.v4.app.NotificationCompat
android.support.v4.app.NotificationCompat$Action
android.support.v4.app.NotificationCompat$BigPictureStyle
android.support.v4.app.NotificationCompat$BigTextStyle
android.support.v4.app.NotificationCompat$Builder
android.support.v4.app.NotificationCompat$InboxStyle
android.support.v4.app.NotificationCompat$NotificationCompatImpl
android.support.v4.app.NotificationCompat$NotificationCompatImplBase
android.support.v4.app.NotificationCompat$NotificationCompatImplHoneycomb
android.support.v4.app.NotificationCompat$NotificationCompatImplIceCreamSandwich
android.support.v4.app.NotificationCompat$NotificationCompatImplJellybean
android.support.v4.app.NotificationCompat$Style
android.support.v4.app.NotificationCompatHoneycomb
android.support.v4.app.NotificationCompatIceCreamSandwich
android.support.v4.app.NotificationCompatJellybean
android.support.v4.app.ServiceCompat
android.support.v4.app.ShareCompat
android.support.v4.app.ShareCompat$IntentBuilder
android.support.v4.app.ShareCompat$IntentReader
android.support.v4.app.ShareCompat$ShareCompatImpl
android.support.v4.app.ShareCompat$ShareCompatImplBase
android.support.v4.app.ShareCompat$ShareCompatImplICS
android.support.v4.app.ShareCompat$ShareCompatImplJB
android.support.v4.app.ShareCompatICS
android.support.v4.app.ShareCompatJB
android.support.v4.app.SuperNotCalledException
android.support.v4.app.TaskStackBuilder
android.support.v4.app.TaskStackBuilder$SupportParentable
android.support.v4.app.TaskStackBuilder$TaskStackBuilderImpl
android.support.v4.app.TaskStackBuilder$TaskStackBuilderImplBase
android.support.v4.app.TaskStackBuilder$TaskStackBuilderImplHoneycomb
android.support.v4.app.TaskStackBuilder$TaskStackBuilderImplJellybean
android.support.v4.app.TaskStackBuilderHoneycomb